#separator \x09
#set_separator	,
#empty_field	(empty)
#unset_field	-
#fields	query	count
#types	string	count
_yandexio._tcp.local	32
_sleep-proxy._udp.local	27
ipad-anna.local	25
ipad (anna)._companion-link._tcp.local	23
android.local	17
WORKGROUP	9
iphone anna._rdlink._tcp.local	9
iphone-anna.local	9
_homekit._tcp.local	6
vscode-sync.trafficmanager.net	6
_raop._tcp.local	6
mobile.events.data.microsoft.com	6
_microsoft_mcc._tcp.local	6
DESKTOP-ECEIGT6	6
use.typekit.net	6
p.typekit.net	5
yandexioreceiver-xk0000000000000676610002b357fd08._yandexio._tcp.local	5
app-edge.smartscreen.microsoft.com	4
ocsp.dcocsp.cn	4
t-ring-fallbacks2.msedge.net	4
cdnzui.lenovomm.cn	4
_airplay._tcp.local	4
play.google.com	4
316159eb-179e-4bda-86b9-77310e472983.local	3
_companion-link._tcp.local	3
dl-edge.smartscreen.microsoft.com	3
assets.msn.com	3
nav-edge.smartscreen.microsoft.com	3
sploit-edge.smartscreen.microsoft.com	3
github.com	3
www.brimdata.io	3
www.youtube.com	3
login.live.com	2
3c7d0a02ed93@imac\xa0— mac._raop._tcp.local	2
dc1-file.ksn.kaspersky-labs.com	2
discord.com	2
dual-s-ring.msedge.net	2
watson.events.data.microsoft.com	2
buttons.github.io	2
_rdlink._tcp.local	2
6292aa83-7b12-40bf-b6b2-57380019fb15.local	2
edge.microsoft.com	2
static.xakep.ru	2
m.zui.com	2
safebrowsing.googleapis.com	2
cdn.enkod.ru	2
stats.g.doubleclick.net	2
alive.github.com	2
discordapp.com	1
cdn.discordapp.com	1
api.cognitive.microsofttranslator.com	1
api.github.com	1
ogs.google.com	1
s.w.org	1
objects.githubusercontent.com	1
gateway-us-east1-d.discord.gg	1
functional.events.data.microsoft.com	1
static.doubleclick.net	1
r3.o.lencr.org	1
services.bingapis.com	1
fonts.googleapis.com	1
ocsp.digicert.com	1
i.ytimg.com	1
fp-afd.azureedge.net	1
imac\xa0— mac._airplay._tcp.local	1
mc.yandex.md	1
jnn-pa.googleapis.com	1
www.gstatic.com	1
googleads.g.doubleclick.net	1
adservice.google.com	1
r.msftstatic.com	1
fonts.gstatic.com	1
www.google.com	1
www.bing.com	1
ocsp.comodoca.com	1
r.bing.com	1
api.msn.com	1
lh3.googleusercontent.com	1
th.bing.com	1
fp-vs.azureedge.net	1
img-s-msn-com.akamaized.net	1
www.googleadservices.com	1
securepubads.g.doubleclick.net	1
www.googletagmanager.com	1
ssl.gstatic.com	1
lb._dns-sd._udp.local	1
lh3.google.com	1
browser.events.data.msn.com	1
self.events.data.microsoft.com	1
deff.nelreports.net	1
ocsp.sectigo.com	1
fp-vp.azureedge.net	1
encrypted-tbn0.gstatic.com	1
c.msn.com	1
sb.scorecardresearch.com	1
b-ring.msedge.net	1
ntp.msn.com	1
xakep.ru	1
ext.enkod.ru	1
mc.yandex.ru	1
c.bing.com	1
www.google-analytics.com	1
